<?xml version="1.0" encoding="UTF-8"?>
<testng-results ignored="0" total="1" passed="1" failed="0" skipped="0">
  <reporter-output>
  </reporter-output>
  <suite started-at="2022-09-27T08:47:29 IST" name="Suite" finished-at="2022-09-27T08:47:52 IST" duration-ms="22895">
    <groups>
    </groups>
    <test started-at="2022-09-27T08:47:29 IST" name="Test" finished-at="2022-09-27T08:47:52 IST" duration-ms="22895">
      <class name="com.basepackage.BrowserOpen">
        <test-method is-config="true" signature="extentReports()[pri:0, instance:com.basepackage.BrowserOpen@7d4f9aae]" started-at="2022-09-27T08:47:28 IST" name="extentReports" finished-at="2022-09-27T08:47:29 IST" duration-ms="569" status="PASS">
          <reporter-output>
          </reporter-output>
        </test-method> <!-- extentReports -->
        <test-method signature="browserConfiguration()[pri:0, instance:com.basepackage.BrowserOpen@7d4f9aae]" started-at="2022-09-27T08:47:29 IST" name="browserConfiguration" finished-at="2022-09-27T08:47:52 IST" duration-ms="22814" status="PASS">
          <reporter-output>
          </reporter-output>
        </test-method> <!-- browserConfiguration -->
        <test-method is-config="true" signature="closeBrowser()[pri:0, instance:com.basepackage.BrowserOpen@7d4f9aae]" started-at="2022-09-27T08:47:52 IST" name="closeBrowser" finished-at="2022-09-27T08:47:54 IST" duration-ms="2283" status="PASS">
          <reporter-output>
          </reporter-output>
        </test-method> <!-- closeBrowser -->
      </class> <!-- com.basepackage.BrowserOpen -->
    </test> <!-- Test -->
  </suite> <!-- Suite -->
</testng-results>
