<?xml version="1.0" encoding="UTF-8"?>
<testng-results ignored="0" total="1" passed="1" failed="0" skipped="0">
  <reporter-output>
  </reporter-output>
  <suite started-at="2022-10-05T11:28:40 IST" name="Suite" finished-at="2022-10-05T11:28:44 IST" duration-ms="4047">
    <groups>
    </groups>
    <test started-at="2022-10-05T11:28:40 IST" name="Test" finished-at="2022-10-05T11:28:44 IST" duration-ms="4047">
      <class name="com.facebook.FacebookLogin">
        <test-method signature="Login()[pri:0, instance:com.facebook.FacebookLogin@74170687]" started-at="2022-10-05T11:28:40 IST" name="Login" finished-at="2022-10-05T11:28:44 IST" duration-ms="4004" status="PASS">
          <reporter-output>
          </reporter-output>
        </test-method> <!-- Login -->
      </class> <!-- com.facebook.FacebookLogin -->
    </test> <!-- Test -->
  </suite> <!-- Suite -->
</testng-results>
