<?xml version="1.0" encoding="UTF-8"?>
<testng-results ignored="0" total="1" passed="1" failed="0" skipped="0">
  <reporter-output>
  </reporter-output>
  <suite started-at="2022-10-03T19:13:36 IST" name="Default suite" finished-at="2022-10-03T19:13:36 IST" duration-ms="329">
    <groups>
    </groups>
    <test started-at="2022-10-03T19:13:36 IST" name="Default test" finished-at="2022-10-03T19:13:36 IST" duration-ms="329">
      <class name="com.facebook.FacebookLogin">
        <test-method is-config="true" signature="browserConfiguration()[pri:0, instance:com.facebook.FacebookLogin@12c60152]" started-at="2022-10-03T19:13:32 IST" name="browserConfiguration" finished-at="2022-10-03T19:13:36 IST" duration-ms="4593" status="PASS">
          <reporter-output>
          </reporter-output>
        </test-method> <!-- browserConfiguration -->
        <test-method signature="Login()[pri:0, instance:com.facebook.FacebookLogin@12c60152]" started-at="2022-10-03T19:13:36 IST" name="Login" finished-at="2022-10-03T19:13:36 IST" duration-ms="233" status="PASS">
          <reporter-output>
          </reporter-output>
        </test-method> <!-- Login -->
        <test-method is-config="true" signature="closeBrowser()[pri:0, instance:com.facebook.FacebookLogin@12c60152]" started-at="2022-10-03T19:13:37 IST" name="closeBrowser" finished-at="2022-10-03T19:13:37 IST" duration-ms="319" status="PASS">
          <reporter-output>
          </reporter-output>
        </test-method> <!-- closeBrowser -->
      </class> <!-- com.facebook.FacebookLogin -->
    </test> <!-- Default test -->
  </suite> <!-- Default suite -->
</testng-results>
