<?xml version="1.0" encoding="UTF-8"?>
<testng-results ignored="0" total="1" passed="1" failed="0" skipped="0">
  <reporter-output>
  </reporter-output>
  <suite started-at="2022-09-17T12:22:01 IST" name="Default suite" finished-at="2022-09-17T12:22:24 IST" duration-ms="23502">
    <groups>
    </groups>
    <test started-at="2022-09-17T12:22:01 IST" name="Default test" finished-at="2022-09-17T12:22:24 IST" duration-ms="23502">
      <class name="com.basepackage.BrowserOpen">
        <test-method is-config="true" signature="extentReports()[pri:0, instance:com.basepackage.BrowserOpen@273e7444]" started-at="2022-09-17T12:22:00 IST" name="extentReports" finished-at="2022-09-17T12:22:01 IST" duration-ms="916" status="PASS">
          <reporter-output>
          </reporter-output>
        </test-method> <!-- extentReports -->
        <test-method signature="browserConfiguration()[pri:0, instance:com.basepackage.BrowserOpen@273e7444]" started-at="2022-09-17T12:22:01 IST" name="browserConfiguration" finished-at="2022-09-17T12:22:24 IST" duration-ms="23455" status="PASS">
          <reporter-output>
          </reporter-output>
        </test-method> <!-- browserConfiguration -->
        <test-method is-config="true" signature="closeBrowser()[pri:0, instance:com.basepackage.BrowserOpen@273e7444]" started-at="2022-09-17T12:22:24 IST" name="closeBrowser" finished-at="2022-09-17T12:22:26 IST" duration-ms="1523" status="PASS">
          <reporter-output>
          </reporter-output>
        </test-method> <!-- closeBrowser -->
      </class> <!-- com.basepackage.BrowserOpen -->
    </test> <!-- Default test -->
  </suite> <!-- Default suite -->
</testng-results>
